25/05/2020 19:36:18: 22
5
255
255
255
255
255
255
255
255
255
255
255
255
255
255
255
255
255
255
255
255
255
255
0

25/05/2020 19:36:18: 0

25/05/2020 19:36:18: 0

25/05/2020 19:36:18: 0

25/05/2020 19:36:18: 0

25/05/2020 19:36:19: 0

25/05/2020 19:36:19: 0

25/05/2020 19:36:19: 0

25/05/2020 19:36:19: 0

25/05/2020 19:36:19: 0
25/05/2020 19:36:19: 

25/05/2020 19:36:19: 0

25/05/2020 19:36:19: 0

25/05/2020 19:36:20: 0

25/05/2020 19:36:20: 0

25/05/2020 19:36:20: 0

25/05/2020 19:36:20: 0

25/05/2020 19:36:21: 0

25/05/2020 19:36:21: 0

25/05/2020 19:36:21: 0

25/05/2020 19:36:21: 0

25/05/2020 19:36:22: 0

25/05/2020 19:36:22: 0

25/05/2020 19:36:22: 0

25/05/2020 19:36:22: 0

25/05/2020 19:36:23: 0

25/05/2020 19:36:23: 0

25/05/2020 19:36:23: 0

25/05/2020 19:36:23: 0

25/05/2020 19:36:24: 0

25/05/2020 19:36:24: 0

25/05/2020 19:36:24: 0

25/05/2020 19:36:24: 0

25/05/2020 19:36:25: 0

25/05/2020 19:36:25: 0
25/05/2020 19:36:25: 

25/05/2020 19:36:25: 0

25/05/2020 19:36:25: 0

25/05/2020 19:36:26: 0

25/05/2020 19:36:27: 236

25/05/2020 19:36:27: 141

25/05/2020 19:36:27: 83

25/05/2020 19:36:27: 42

25/05/2020 19:36:27: 27

25/05/2020 19:36:27: 0

25/05/2020 19:36:28: 0

25/05/2020 19:36:28: 0
0

25/05/2020 19:36:28: 0

25/05/2020 19:36:28: 0
0

25/05/2020 19:36:28: 0

25/05/2020 19:36:28: 0
0

25/05/2020 19:36:28: 0

25/05/2020 19:36:28: 0
0

25/05/2020 19:36:28: 0

25/05/2020 19:36:28: 0
0

25/05/2020 19:36:29: 0
0

25/05/2020 19:36:29: 0

25/05/2020 19:36:29: 0
0

25/05/2020 19:36:29: 0

25/05/2020 19:36:29: 0
0

25/05/2020 19:36:29: 0
0

25/05/2020 19:36:29: 0

25/05/2020 19:36:29: 0
0

25/05/2020 19:36:29: 0

25/05/2020 19:36:29: 0
0

25/05/2020 19:36:30: 0
0

25/05/2020 19:36:30: 0

25/05/2020 19:36:30: 0
0

25/05/2020 19:36:30: 0

25/05/2020 19:36:30: 0
0

25/05/2020 19:36:30: 0
0

25/05/2020 19:36:30: 0

25/05/2020 19:36:30: 0
0

25/05/2020 19:36:30: 0
0

25/05/2020 19:36:30: 0

25/05/2020 19:36:31: 0
0

25/05/2020 19:36:31: 0

25/05/2020 19:36:31: 0
0

25/05/2020 19:36:31: 0
0

25/05/2020 19:36:31: 0

25/05/2020 19:36:31: 0
0

25/05/2020 19:36:31: 0

25/05/2020 19:36:31: 0
0

25/05/2020 19:36:31: 0
0

25/05/2020 19:36:32: 0

25/05/2020 19:36:32: 0
0

25/05/2020 19:36:32: 0

25/05/2020 19:36:32: 0
0

25/05/2020 19:36:32: 0
0

25/05/2020 19:36:32: 0

25/05/2020 19:36:32: 0
0

25/05/2020 19:36:32: 0
0

25/05/2020 19:36:32: 0

25/05/2020 19:36:32: 0
0

25/05/2020 19:36:33: 0
0

25/05/2020 19:36:33: 0

25/05/2020 19:36:33: 0
0

25/05/2020 19:36:33: 0
0

25/05/2020 19:36:33: 0

25/05/2020 19:36:33: 0
0

25/05/2020 19:36:33: 0
0

25/05/2020 19:36:33: 0

25/05/2020 19:36:33: 0
0

25/05/2020 19:36:33: 0
0

25/05/2020 19:36:34: 0

25/05/2020 19:36:34: 0
0

25/05/2020 19:36:34: 0
0

25/05/2020 19:36:34: 0

25/05/2020 19:36:34: 0
0

25/05/2020 19:36:34: 0

25/05/2020 19:36:34: 0
0

25/05/2020 19:36:34: 0
0

25/05/2020 19:36:34: 0

25/05/2020 19:36:35: 0
0
0

25/05/2020 19:36:35: 0

25/05/2020 19:36:35: 0
0

25/05/2020 19:36:35: 0
0

25/05/2020 19:36:35: 0

25/05/2020 19:36:35: 0
0

25/05/2020 19:36:35: 0
0

25/05/2020 19:36:35: 0

25/05/2020 19:36:35: 0
0

25/05/2020 19:36:35: 0

25/05/2020 19:36:36: 0
0

25/05/2020 19:36:36: 0
0

25/05/2020 19:36:36: 0

25/05/2020 19:36:36: 0
0

25/05/2020 19:36:36: 0
0

25/05/2020 19:36:36: 0

25/05/2020 19:36:36: 0
0

25/05/2020 19:36:36: 0

25/05/2020 19:36:36: 0
0

25/05/2020 19:36:36: 0
0

25/05/2020 19:36:37: 0

25/05/2020 19:36:37: 0
0

25/05/2020 19:36:37: 0

25/05/2020 19:36:37: 0
0

25/05/2020 19:36:37: 0

25/05/2020 19:36:38: 0

25/05/2020 19:36:38: 0

25/05/2020 19:36:38: 0
0

25/05/2020 19:36:38: 0

25/05/2020 19:36:38: 0

25/05/2020 19:36:38: 0

25/05/2020 19:36:39: 0

25/05/2020 19:36:39: 0

25/05/2020 19:36:39: 24

25/05/2020 19:36:39: 45

25/05/2020 19:36:39: 71

25/05/2020 19:36:39: 82

25/05/2020 19:36:40: 95

25/05/2020 19:36:40: 98

25/05/2020 19:36:40: 105

25/05/2020 19:36:40: 106

25/05/2020 19:36:41: 112

25/05/2020 19:36:41: 111

25/05/2020 19:36:41: 117
25/05/2020 19:36:41: 

25/05/2020 19:36:41: 116

25/05/2020 19:36:42: 122

25/05/2020 19:36:42: 121

25/05/2020 19:36:42: 126

25/05/2020 19:36:42: 126

25/05/2020 19:36:42: 131

25/05/2020 19:36:43: 131

25/05/2020 19:36:43: 136

25/05/2020 19:36:43: 135

25/05/2020 19:36:43: 141

25/05/2020 19:36:44: 1
25/05/2020 19:36:44: 40

25/05/2020 19:36:44: 146

25/05/2020 19:36:44: 145

25/05/2020 19:36:44: 151

25/05/2020 19:36:45: 150

25/05/2020 19:36:45: 156

25/05/2020 19:36:45: 155

25/05/2020 19:36:45: 160

25/05/2020 19:36:46: 160

25/05/2020 19:36:46: 165

25/05/2020 19:36:46: 165

25/05/2020 19:36:46: 170

25/05/2020 19:36:47: 174

25/05/2020 19:36:47: 179

25/05/2020 19:36:47: 177

25/05/2020 19:36:47: 181

25/05/2020 19:36:48: 180

25/05/2020 19:36:48: 185

25/05/2020 19:36:48: 184

25/05/2020 19:36:48: 190

25/05/2020 19:36:49: 189

25/05/2020 19:36:49: 195

25/05/2020 19:36:49: 194

25/05/2020 19:36:49: 200

25/05/2020 19:36:50: 199

25/05/2020 19:36:50: 204

25/05/2020 19:36:50: 203

25/05/2020 19:36:50: 209

25/05/2020 19:36:51: 208

25/05/2020 19:36:51: 21
25/05/2020 19:36:51: 4

25/05/2020 19:36:51: 213

25/05/2020 19:36:51: 219

25/05/2020 19:36:52: 218

25/05/2020 19:36:52: 223

25/05/2020 19:36:52: 223

25/05/2020 19:36:52: 228

25/05/2020 19:36:53: 227

25/05/2020 19:36:54: 56

25/05/2020 19:36:54: 40

25/05/2020 19:36:54: 34

25/05/2020 19:36:54: 26
25/05/2020 19:36:55: 

25/05/2020 19:36:55: 27

25/05/2020 19:36:55: 22

25/05/2020 19:36:55: 25

25/05/2020 19:36:55: 21

25/05/2020 19:36:55: 25

25/05/2020 19:36:56: 20

25/05/2020 19:36:56: 24

25/05/2020 19:36:56: 20

25/05/2020 19:36:56: 24

25/05/2020 19:36:56: 20

25/05/2020 19:36:57: 24

25/05/2020 19:36:57: 20

25/05/2020 19:36:57: 24

25/05/2020 19:36:57: 20

25/05/2020 19:36:57: 23

25/05/2020 19:36:58: 19

25/05/2020 19:36:58: 23

25/05/2020 19:36:58: 19

25/05/2020 19:36:58: 23

25/05/2020 19:36:58: 19

25/05/2020 19:36:59: 23
25/05/2020 19:36:59: 

25/05/2020 19:36:59: 19

25/05/2020 19:36:59: 23

25/05/2020 19:36:59: 19

25/05/2020 19:36:59: 23

25/05/2020 19:36:59: 19

25/05/2020 19:37:00: 22

25/05/2020 19:37:00: 18

25/05/2020 19:37:00: 22

25/05/2020 19:37:00: 18

25/05/2020 19:37:00: 22

25/05/2020 19:37:01: 18

25/05/2020 19:37:01: 22

25/05/2020 19:37:01: 18

25/05/2020 19:37:01: 22

25/05/2020 19:37:01: 18

25/05/2020 19:37:02: 22

25/05/2020 19:37:02: 18

25/05/2020 19:37:02: 22

25/05/2020 19:37:02: 17

25/05/2020 19:37:02: 21

25/05/2020 19:37:03: 17

25/05/2020 19:37:03: 21

25/05/2020 19:37:03: 17

25/05/2020 19:37:03: 21

25/05/2020 19:37:03: 17

25/05/2020 19:37:03: 21

25/05/2020 19:37:04: 17

25/05/2020 19:37:04: 20

25/05/2020 19:37:04: 16

25/05/2020 19:37:04: 20

25/05/2020 19:37:04: 16

25/05/2020 19:37:05: 20

25/05/2020 19:37:05: 16

25/05/2020 19:37:05: 20

25/05/2020 19:37:05: 16

25/05/2020 19:37:05: 20

25/05/2020 19:37:06: 16

25/05/2020 19:37:06: 20

25/05/2020 19:37:06: 16

25/05/2020 19:37:06: 19

25/05/2020 19:37:06: 15

25/05/2020 19:37:07: 19

25/05/2020 19:37:07: 15

25/05/2020 19:37:07: 19

25/05/2020 19:37:07: 15

25/05/2020 19:37:07: 19

25/05/2020 19:37:08: 15

25/05/2020 19:37:08: 19

25/05/2020 19:37:08: 15

25/05/2020 19:37:08: 19

25/05/2020 19:37:08: 1
25/05/2020 19:37:08: 5

25/05/2020 19:37:08: 18

25/05/2020 19:37:09: 14

25/05/2020 19:37:09: 18

25/05/2020 19:37:09: 14
25/05/2020 19:37:09: 

25/05/2020 19:37:09: 18

25/05/2020 19:37:09: 14

25/05/2020 19:37:10: 1
25/05/2020 19:37:10: 8

25/05/2020 19:37:10: 14

25/05/2020 19:37:10: 18

25/05/2020 19:37:10: 14

25/05/2020 19:37:10: 1
25/05/2020 19:37:10: 8

25/05/2020 19:37:11: 13

25/05/2020 19:37:11: 18

25/05/2020 19:37:11: 14

25/05/2020 19:37:11: 18

25/05/2020 19:37:11: 13

25/05/2020 19:37:12: 17

25/05/2020 19:37:12: 13

25/05/2020 19:37:12: 17

25/05/2020 19:37:12: 13

25/05/2020 19:37:12: 17

25/05/2020 19:37:12: 13

25/05/2020 19:37:13: 17

25/05/2020 19:37:13: 13

25/05/2020 19:37:13: 1
25/05/2020 19:37:13: 7

25/05/2020 19:44:14: 12 15
2 15

12 15
12 15
12 15
12 15
12 15
12 15
12 15
12 15
12 15
12 15
12 15
12 15
12 15
12 15
12 15
12 15
12 15
12 15
47 0

25/05/2020 19:44:15: 44 0
39 0

25/05/2020 19:44:15: 36 0

25/05/2020 19:44:15: 31 0
29 0

25/05/2020 19:44:15: 25 0

25/05/2020 19:44:15: 23 0

25/05/2020 19:44:15: 20 0

25/05/2020 19:44:15: 17 0

25/05/2020 19:44:16: 1
25/05/2020 19:44:16: 5 0

25/05/2020 19:44:16: 14 0

25/05/2020 19:44:16: 13 0

25/05/2020 19:44:16: 13 0

25/05/2020 19:44:17: 12 0

25/05/2020 19:44:17: 12 0

25/05/2020 19:44:17: 12 0

25/05/2020 19:44:17: 12 0

25/05/2020 19:44:18: 12 0

25/05/2020 19:44:18: 12 0

25/05/2020 19:44:18: 12
25/05/2020 19:44:18:  0

25/05/2020 19:44:18: 12 0

25/05/2020 19:44:19: 12 0

25/05/2020 19:44:19: 12 0

25/05/2020 19:44:19: 12 0

25/05/2020 19:44:19: 12 0

25/05/2020 19:44:20: 12 0

25/05/2020 19:44:20: 12 0

25/05/2020 19:44:20: 12 0

25/05/2020 19:44:20: 12 0

25/05/2020 19:44:20: 12 0

25/05/2020 19:44:21: 12 0

25/05/2020 19:44:21: 12 0

25/05/2020 19:44:21: 12 0

25/05/2020 19:44:21: 12 0

25/05/2020 19:44:22: 12 0

25/05/2020 19:44:22: 12 0

25/05/2020 19:44:22: 12 0

25/05/2020 19:44:22: 12 0

25/05/2020 19:44:23: 12 0

25/05/2020 19:44:23: 12 0

25/05/2020 19:44:23: 12 0

25/05/2020 19:44:23: 12 0

25/05/2020 19:44:24: 12 0

25/05/2020 19:44:24: 12 0

25/05/2020 19:44:24: 12 0

25/05/2020 19:44:24: 12 0

25/05/2020 19:44:25: 12 0

25/05/2020 19:44:25: 12 0

25/05/2020 19:44:25: 12 0

25/05/2020 19:44:25: 12 0

25/05/2020 19:44:27: 12 55

25/05/2020 19:44:27: 20 55

25/05/2020 19:44:27: 28 55

25/05/2020 19:44:27: 32 55

25/05/2020 19:44:27: 36 55

25/05/2020 19:44:27: 38 55

25/05/2020 19:44:27: 41 55
42 55

25/05/2020 19:44:27: 44 55

25/05/2020 19:44:28: 44 55
46 55

25/05/2020 19:44:28: 45 55

25/05/2020 19:44:28: 47 55
47 55

25/05/2020 19:44:28: 48 55

25/05/2020 19:44:28: 47 55
49 55

25/05/2020 19:44:28: 48 55
49
25/05/2020 19:44:28:  55
48 55

25/05/2020 19:44:28: 49 55
49 55

25/05/2020 19:44:28: 50 55

25/05/2020 19:44:28: 49 55
50 55

25/05/2020 19:44:29: 49 55
50 55

25/05/2020 19:44:29: 49 55

25/05/2020 19:44:29: 50 55
49 55

25/05/2020 19:44:29: 50 55
49 55

25/05/2020 19:44:29: 50 55

25/05/2020 19:44:29: 49 55
50 55

25/05/2020 19:44:29: 49 55
50 55

25/05/2020 19:44:29: 49 55

25/05/2020 19:44:29: 50 55
49 55

25/05/2020 19:44:30: 50 55
49 55

25/05/2020 19:44:30: 50 55
49 55

25/05/2020 19:44:30: 50 55

25/05/2020 19:44:30: 49 55
50 55

25/05/2020 19:44:30: 49 55
50 55

25/05/2020 19:44:30: 50 55

25/05/2020 19:44:30: 50 55
50 55

25/05/2020 19:44:30: 50 55
50 55

25/05/2020 19:44:30: 50 55

25/05/2020 19:44:30: 50 55
50 55

25/05/2020 19:44:31: 50 55
50 55

25/05/2020 19:44:31: 50 55

25/05/2020 19:44:31: 50 55
50 55

25/05/2020 19:44:31: 50 55
50 55

25/05/2020 19:44:31: 50 55
50 55

25/05/2020 19:44:31: 50 55

25/05/2020 19:44:31: 50 55
50 55

25/05/2020 19:44:31: 49 55
50 55

25/05/2020 19:44:31: 50 55

25/05/2020 19:44:31: 50 55
50 55

25/05/2020 19:44:32: 50 55
50 55

25/05/2020 19:44:32: 50 55

25/05/2020 19:44:32: 50 55
50 55

25/05/2020 19:44:32: 50 55
50 55

25/05/2020 19:44:32: 50 55

25/05/2020 19:44:32: 50 55
50 55

25/05/2020 19:44:32: 50 55
50 55

25/05/2020 19:44:32: 50 55

25/05/2020 19:44:32: 50 55
50 55

25/05/2020 19:44:32: 50 55
50 55

25/05/2020 19:44:33: 50 55

25/05/2020 19:44:33: 50 55
50 55

25/05/2020 19:44:33: 50 55
50 55

25/05/2020 19:44:33: 50 55
50 55

25/05/2020 19:44:33: 50 55

25/05/2020 19:44:33: 50 55
50 55

25/05/2020 19:44:33: 50 55
51 55

25/05/2020 19:44:33: 50 55

25/05/2020 19:44:33: 51 55
50 55

25/05/2020 19:44:33: 51 55
50 55

25/05/2020 19:44:34: 51 55

25/05/2020 19:44:34: 50 55
51 55

25/05/2020 19:44:34: 50 55
51 55

25/05/2020 19:44:34: 50 55

25/05/2020 19:44:34: 51 55
50 55

25/05/2020 19:44:34: 51 55
50 55

25/05/2020 19:44:34: 51 55

25/05/2020 19:44:34: 50 55
51 55

25/05/2020 19:44:34: 50 55
50 55

25/05/2020 19:44:34: 50 55

25/05/2020 19:44:35: 50 55
50 55

25/05/2020 19:44:35: 50 55
50 55

25/05/2020 19:44:35: 50 55
50 55

25/05/2020 19:44:35: 51 55

25/05/2020 19:44:35: 50 55
51 55

25/05/2020 19:44:35: 50 55
51 55

25/05/2020 19:44:35: 50 55

25/05/2020 19:44:35: 51 55
50 55

25/05/2020 19:44:35: 51 55
50 55

25/05/2020 19:44:36: 51 55

25/05/2020 19:44:36: 50 55
51 55

25/05/2020 19:44:36: 50 55
51 55

25/05/2020 19:44:36: 50 55

25/05/2020 19:44:36: 51 55
50 55

25/05/2020 19:44:36: 51 55
50 55

25/05/2020 19:44:36: 51 55

25/05/2020 19:44:36: 50 55
51 55

25/05/2020 19:44:36: 50 55
51 55

25/05/2020 19:44:36: 50 55
51 55

25/05/2020 19:44:37: 50 55
51 55

25/05/2020 19:44:37: 50 55

25/05/2020 19:44:37: 51 55
50 55

25/05/2020 19:44:37: 51 55
50 55

25/05/2020 19:44:37: 51 55

25/05/2020 19:44:37: 50 55
51 55

25/05/2020 19:44:37: 50 55
51 55

25/05/2020 19:44:37: 50 55

25/05/2020 19:44:37: 51 55
50 55

25/05/2020 19:44:37: 51 55
50 55

25/05/2020 19:44:38: 51 55

25/05/2020 19:44:38: 50 55
51 55

25/05/2020 19:44:38: 50 55
51 55

25/05/2020 19:44:38: 50 55

25/05/2020 19:44:38: 51 55
50 55

25/05/2020 19:44:38: 51 55
50 55

25/05/2020 19:44:38: 51 55

25/05/2020 19:44:38: 50 55
51 55

25/05/2020 19:44:38: 50 55
51 55

25/05/2020 19:44:38: 50 55

25/05/2020 19:44:39: 51 55
50 55

25/05/2020 19:44:39: 51 55
50 55

25/05/2020 19:44:39: 51 55

25/05/2020 19:44:39: 50 55
51 55

25/05/2020 19:44:39: 50 55
51 55

25/05/2020 19:44:39: 50 55

25/05/2020 19:44:39: 51 55
50 55

25/05/2020 19:44:39: 51 55
50 55

25/05/2020 19:44:39: 51 55
50 55

25/05/2020 19:44:39: 51 55

25/05/2020 19:44:40: 50 55
51 55

25/05/2020 19:44:40: 50 55
51 55

25/05/2020 19:44:40: 50 55

25/05/2020 19:44:40: 51 55
50 55

25/05/2020 19:44:40: 51 55
50 55

25/05/2020 19:44:40: 51 55

25/05/2020 19:44:40: 50 55
51 55

25/05/2020 19:44:40: 50 55
51 55

25/05/2020 19:44:40: 50 55

25/05/2020 19:44:40: 51 55
50 55

25/05/2020 19:44:41: 51 55
50 55

25/05/2020 19:44:41: 51 55

25/05/2020 19:44:41: 50 55
51 55

25/05/2020 19:44:41: 50 55
51 55

25/05/2020 19:44:41: 50 55
51 55

25/05/2020 19:44:41: 50 55

25/05/2020 19:44:41: 51 55
50 55

25/05/2020 19:44:41: 51 55
50 55

25/05/2020 19:44:41: 51 55

25/05/2020 19:44:41: 50 55
51 55

25/05/2020 19:44:42: 50 55
51 55

25/05/2020 19:44:42: 50 55

25/05/2020 19:44:42: 51 55
50 55

25/05/2020 19:44:42: 51 55
50 55

25/05/2020 19:44:42: 51 55

25/05/2020 19:44:42: 50 55
51 55

25/05/2020 19:44:42: 50 55
51 55

25/05/2020 19:44:42: 50 55

25/05/2020 19:44:42: 51 55
50 55

25/05/2020 19:44:43: 51 55
50 55

25/05/2020 19:44:43: 51 55

25/05/2020 19:44:43: 50 55
51 55

25/05/2020 19:44:43: 50 55
51 55

25/05/2020 19:44:43: 50 55

25/05/2020 19:44:43: 51 55
50 55

25/05/2020 19:44:43: 51 55
50 55

25/05/2020 19:44:43: 51 55
50 55

25/05/2020 19:44:43: 51 55

25/05/2020 19:44:43: 50 55
51 55

25/05/2020 19:44:44: 50 55
51 55

25/05/2020 19:44:44: 50 55

25/05/2020 19:44:44: 51 55
50 55

25/05/2020 19:44:44: 51 55
50 55

25/05/2020 19:44:44: 51 55

25/05/2020 19:44:44: 50 55
51 55

25/05/2020 19:44:44: 50 55
51 55

25/05/2020 19:44:44: 50 55

25/05/2020 19:44:44: 51 55
50 55
51 55

25/05/2020 19:44:44: 50 55

25/05/2020 19:44:45: 51 55
50 55

25/05/2020 19:44:45: 51 55
50 55

25/05/2020 19:44:45: 51 55

25/05/2020 19:44:45: 50 55
51 55

25/05/2020 19:44:45: 50 55
51 55

25/05/2020 19:44:45: 50 55

25/05/2020 19:44:45: 51 55
50 55

25/05/2020 19:44:45: 51 55
50 55

25/05/2020 19:44:45: 51 55
50 55

25/05/2020 19:44:45: 51 55

25/05/2020 19:44:46: 50 55
51 55

25/05/2020 19:44:46: 50 55
51 55

25/05/2020 19:44:46: 50 55

25/05/2020 19:44:46: 51 55
50 55

25/05/2020 19:44:46: 51 55
50 55

25/05/2020 19:44:46: 51 55

25/05/2020 19:44:46: 50 55
51 55

25/05/2020 19:44:46: 50 55
51 55

25/05/2020 19:44:46: 50 55

25/05/2020 19:44:46: 51 55
50 55

25/05/2020 19:44:47: 51 55
50 55

25/05/2020 19:44:47: 51 55
50 55

25/05/2020 19:44:47: 51 55

25/05/2020 19:44:47: 50 55
51 55

25/05/2020 19:44:47: 50 55
51 55

25/05/2020 19:44:47: 50 55

25/05/2020 19:44:47: 51 55
50 55

25/05/2020 19:44:47: 51 55
50 55

25/05/2020 19:44:47: 51 55

25/05/2020 19:44:48: 50 55
51 55

25/05/2020 19:44:48: 50 55
51 55

25/05/2020 19:44:48: 50 55
51 55

25/05/2020 19:44:48: 50 55

25/05/2020 19:44:48: 51 55
50 55

25/05/2020 19:44:48: 51 55
50 55

25/05/2020 19:44:48: 51 55

25/05/2020 19:44:48: 50 55
51 55

25/05/2020 19:44:48: 50 55
51 55

25/05/2020 19:44:48: 50 55

25/05/2020 19:44:49: 51 55
50 55

25/05/2020 19:44:49: 51 55
50 55

25/05/2020 19:44:49: 51 55

25/05/2020 19:44:49: 50 55
51 55

25/05/2020 19:44:49: 50 55
51 55

25/05/2020 19:44:49: 50 55

25/05/2020 19:44:49: 51 55
50 55

25/05/2020 19:44:49: 51 55
50 55

25/05/2020 19:44:49: 51 55
50 55

25/05/2020 19:44:49: 51 55

25/05/2020 19:44:50: 50 55
51 55

25/05/2020 19:44:50: 50 55
51 55

25/05/2020 19:44:50: 50 55

25/05/2020 19:44:50: 51 55
50 55

25/05/2020 19:44:50: 51 55
50 55

25/05/2020 19:44:50: 51 55

25/05/2020 19:44:50: 50 55
51 55

25/05/2020 19:44:50: 50 55
51 55

25/05/2020 19:44:50: 50 55

25/05/2020 19:44:50: 51 55
50 55

25/05/2020 19:44:51: 51 55
50 55

25/05/2020 19:44:51: 51 55

25/05/2020 19:44:51: 50 55
51 55

25/05/2020 19:44:51: 50 55
51 55

25/05/2020 19:44:51: 50 55

25/05/2020 19:44:51: 51 55
50 55

25/05/2020 19:44:51: 51 55
50 55

25/05/2020 19:44:51: 51 55
50 55

25/05/2020 19:44:51: 51 55

25/05/2020 19:44:51: 50 55
51 55

25/05/2020 19:44:52: 50 55
51 55

25/05/2020 19:44:52: 50 55
51
25/05/2020 19:44:52:  55
50 55

25/05/2020 19:44:52: 51 55
50 55

25/05/2020 19:44:52: 51 55
50 55

25/05/2020 19:44:52: 51 55

25/05/2020 19:44:52: 50 55
51 55

25/05/2020 19:44:52: 50 55
51 55

25/05/2020 19:44:52: 50 55

25/05/2020 19:44:52: 51 55
50 55

25/05/2020 19:44:53: 51 55
50 55

25/05/2020 19:44:53: 51 55

25/05/2020 19:44:53: 50 55
51 55

25/05/2020 19:44:53: 50 55
51 55

25/05/2020 19:44:53: 50 55

25/05/2020 19:44:53: 51 55
50 55

25/05/2020 19:44:53: 51 55
50 55

25/05/2020 19:44:53: 51 55

25/05/2020 19:44:53: 50 55
51 55

25/05/2020 19:44:53: 50 55
51 55

25/05/2020 19:44:54: 50 55

25/05/2020 19:44:54: 51 55
50 55

25/05/2020 19:44:54: 51 55
50 55

25/05/2020 19:44:54: 51 55

25/05/2020 19:44:54: 50 55
51 55

25/05/2020 19:44:54: 50 55
51 55

25/05/2020 19:44:54: 50 55
51 55

25/05/2020 19:44:54: 50 55

25/05/2020 19:44:54: 51 55
50 55

25/05/2020 19:44:54: 51 55
50 55

25/05/2020 19:44:55: 51 55

25/05/2020 19:44:55: 50 55
51 55

25/05/2020 19:44:55: 50 55
51 55

25/05/2020 19:44:55: 50 55

25/05/2020 19:44:55: 51 55
50 55

25/05/2020 19:44:55: 51 55
50 55

25/05/2020 19:44:55: 51 55

25/05/2020 19:44:55: 50 55
51 55

25/05/2020 19:44:55: 50 55
51 55

25/05/2020 19:44:55: 50 55

25/05/2020 19:44:56: 51 55
50 55

25/05/2020 19:44:56: 51 55
50 55

25/05/2020 19:44:56: 51 55
50 55

25/05/2020 19:44:56: 51 55

25/05/2020 19:44:56: 50 55
51 55

25/05/2020 19:44:56: 50 55
51 55

25/05/2020 19:44:56: 50 55

25/05/2020 19:44:56: 51 55
50 55

25/05/2020 19:44:56: 51 55
50 55

25/05/2020 19:44:56: 51 55

25/05/2020 19:44:57: 50 55
51 55

25/05/2020 19:44:57: 50 55
51 55

25/05/2020 19:44:57: 50 55

25/05/2020 19:44:57: 51 55
50 55

25/05/2020 19:44:57: 51 55
50 55

25/05/2020 19:44:57: 51 55
50 55

25/05/2020 19:44:57: 51 55

25/05/2020 19:44:57: 50 55
51 55

25/05/2020 19:44:57: 50 55
51 55

25/05/2020 19:44:57: 50 55

25/05/2020 19:44:58: 51 55
50 55

25/05/2020 19:44:58: 51 55
50 55

25/05/2020 19:44:58: 51 55

25/05/2020 19:44:58: 50 55
51 55

25/05/2020 19:44:58: 50 55
51 55

25/05/2020 19:44:58: 50 55

25/05/2020 19:44:58: 51 55
50 55

25/05/2020 19:44:58: 51 55
50 55

25/05/2020 19:44:58: 51 55

25/05/2020 19:44:58: 50 55
51 55

25/05/2020 19:44:59: 50 55
51 55

25/05/2020 19:44:59: 50 55

25/05/2020 19:44:59: 51 55
50 55

25/05/2020 19:44:59: 51 55
50 55

25/05/2020 19:44:59: 51 55
50 55

25/05/2020 19:44:59: 51 55

25/05/2020 19:44:59: 50 55

25/05/2020 19:45:00: 51 0

25/05/2020 19:45:00: 48 0

25/05/2020 19:45:00: 45 0
41 0

25/05/2020 19:45:00: 37 0

25/05/2020 19:45:01: 33 0

25/05/2020 19:45:01: 30 0

25/05/2020 19:45:01: 26 0

25/05/2020 19:45:01: 24 0

25/05/2020 19:45:01: 21 0

25/05/2020 19:45:01: 19 0

25/05/2020 19:45:01: 16 0

25/05/2020 19:45:02: 15 0

25/05/2020 19:45:02: 13 0

25/05/2020 19:45:02: 13 0

25/05/2020 19:45:02: 12 0

25/05/2020 19:45:03: 13 0

25/05/2020 19:45:03: 12 0

25/05/2020 19:45:03: 1
25/05/2020 19:45:03: 2 0

25/05/2020 19:45:03: 12 0

25/05/2020 19:45:03: 1
25/05/2020 19:45:04: 2 0

25/05/2020 19:45:04: 12 0

25/05/2020 19:45:04: 12 0

25/05/2020 19:45:04: 12 0
25/05/2020 19:45:04: 

25/05/2020 19:45:04: 12 0

25/05/2020 19:45:05: 12 0

25/05/2020 19:45:05: 12 0

25/05/2020 19:45:05: 12 0

25/05/2020 19:45:05: 12 0

25/05/2020 19:45:06: 12 0

25/05/2020 19:45:06: 12 0

25/05/2020 19:45:06: 12 0

25/05/2020 19:45:06: 12 0

25/05/2020 19:45:07: 12 0
25/05/2020 19:45:07: 

25/05/2020 19:45:07: 12 0

25/05/2020 19:45:07: 12 0

25/05/2020 19:45:07: 12 0

25/05/2020 19:45:08: 12 0

25/05/2020 19:45:08: 12 0

25/05/2020 19:45:08: 12 0

25/05/2020 19:45:08: 12 0
25/05/2020 19:45:09: 

25/05/2020 19:45:09: 12 0

25/05/2020 19:45:09: 12 0

25/05/2020 19:45:09: 12 0
25/05/2020 19:45:09: 

25/05/2020 19:45:09: 12 0

25/05/2020 19:45:10: 12 0

25/05/2020 19:45:10: 12 0

25/05/2020 19:45:10: 12 0

25/05/2020 19:45:10: 12 0

25/05/2020 19:45:11: 12 0

25/05/2020 19:45:11: 12 0

25/05/2020 19:45:11: 12 0

25/05/2020 19:45:11: 12
25/05/2020 19:45:11:  0

25/05/2020 19:45:12: 12 0

25/05/2020 19:45:12: 12 0

25/05/2020 19:45:12: 12 0
25/05/2020 19:45:12: 

25/05/2020 19:45:12: 12 0

25/05/2020 19:45:13: 12 0

25/05/2020 19:45:13: 12 0

25/05/2020 19:45:13: 12 0

25/05/2020 19:45:13: 12 0

25/05/2020 19:45:14: 12 0

25/05/2020 19:45:14: 12 0

25/05/2020 19:45:14: 12 0

25/05/2020 19:45:14: 12 0

25/05/2020 19:45:15: 12 0

25/05/2020 19:45:15: 12 0

25/05/2020 19:45:15: 12 0

25/05/2020 19:45:15: 12 0

25/05/2020 19:45:16: 12 0

25/05/2020 19:45:16: 1
25/05/2020 19:45:16: 2 0

25/05/2020 19:45:16: 12 0

25/05/2020 19:45:16: 12 0

25/05/2020 19:45:17: 12 
25/05/2020 19:45:17: 0

25/05/2020 19:45:17: 12 0

25/05/2020 19:45:17: 12 0

25/05/2020 19:45:17: 12 0

25/05/2020 19:45:18: 12 0

25/05/2020 19:45:18: 12 0

25/05/2020 19:45:18: 12 0

25/05/2020 19:45:18: 12 0
25/05/2020 19:45:18: 

25/05/2020 19:45:19: 12 0

25/05/2020 19:45:19: 12 0

25/05/2020 19:45:19: 1
25/05/2020 19:45:19: 2 0

25/05/2020 19:45:19: 12 0

25/05/2020 19:45:19: 12 0

25/05/2020 19:45:20: 12 0

25/05/2020 19:45:20: 12 0

25/05/2020 19:45:20: 12 0

25/05/2020 19:45:20: 12 0

25/05/2020 19:45:21: 12 0

25/05/2020 19:45:21: 12 0

25/05/2020 19:45:21: 12 0

25/05/2020 19:45:21: 12 0

25/05/2020 19:45:22: 12 0

25/05/2020 19:45:22: 12 0

25/05/2020 19:45:22: 12 0

25/05/2020 19:45:22: 12 0

25/05/2020 19:45:23: 12
25/05/2020 19:45:23:  0

25/05/2020 19:45:23: 12 0

25/05/2020 19:45:23: 12 0

25/05/2020 19:45:23: 12 0

25/05/2020 19:45:24: 12 0

25/05/2020 19:45:24: 12 0

25/05/2020 19:45:24: 12 
25/05/2020 19:45:24: 0

25/05/2020 19:45:24: 12 0

25/05/2020 19:45:25: 12 0

25/05/2020 19:45:25: 12 0

25/05/2020 19:45:25: 12 0

25/05/2020 19:45:25: 12 0

25/05/2020 19:45:26: 12 
25/05/2020 19:45:26: 0

25/05/2020 19:45:26: 12 0

25/05/2020 19:45:26: 12 0

25/05/2020 19:45:26: 12 0

25/05/2020 19:45:27: 12 0

25/05/2020 19:45:27: 12 0

25/05/2020 19:45:27: 12 0

25/05/2020 19:45:27: 12 0
25/05/2020 19:45:27: 

25/05/2020 19:45:28: 12 0

25/05/2020 19:45:28: 12 0

25/05/2020 19:45:28: 12 0

25/05/2020 19:45:28: 12 0

25/05/2020 19:45:29: 12 0
25/05/2020 19:45:29: 

25/05/2020 19:45:29: 12 0

25/05/2020 19:45:29: 12 0

25/05/2020 19:45:29: 12 0

25/05/2020 19:45:30: 12 0

25/05/2020 19:45:30: 12 0

25/05/2020 19:45:30: 12 0

25/05/2020 19:45:30: 12 0

25/05/2020 19:45:31: 12 0

25/05/2020 19:45:31: 12 0
25/05/2020 19:45:31: 

25/05/2020 19:45:31: 12 0

25/05/2020 19:45:31: 12 0

25/05/2020 19:45:32: 12 0

25/05/2020 19:45:32: 12 0

25/05/2020 19:45:32: 12 0

25/05/2020 19:45:32: 12 0
25/05/2020 19:45:32: 

25/05/2020 19:45:33: 12 0

25/05/2020 19:45:33: 12 0

25/05/2020 19:45:33: 12 0

25/05/2020 19:45:33: 12 0

25/05/2020 19:45:34: 12 0

25/05/2020 19:45:34: 12 0

25/05/2020 19:45:34: 12 0

25/05/2020 19:45:34: 12 0

25/05/2020 19:45:35: 12 0

25/05/2020 19:45:35: 12 0

25/05/2020 19:45:35: 12 0

25/05/2020 19:45:35: 12 0

25/05/2020 19:45:36: 12 0

25/05/2020 19:45:36: 1
25/05/2020 19:45:36: 2 0

25/05/2020 19:45:36: 12 0

25/05/2020 19:45:36: 12 0

25/05/2020 19:45:36: 12 0

25/05/2020 19:45:37: 12 0

25/05/2020 19:45:37: 12 0

25/05/2020 19:45:37: 12 0

25/05/2020 19:45:37: 12 0

25/05/2020 19:45:38: 12 0

25/05/2020 19:45:38: 12 0

25/05/2020 19:45:38: 12 0

25/05/2020 19:45:38: 12 0

25/05/2020 19:45:39: 12 0

25/05/2020 19:45:39: 12 0

25/05/2020 19:45:39: 12
25/05/2020 19:45:39:  0

25/05/2020 19:45:39: 12 0

25/05/2020 19:45:40: 12 0

25/05/2020 19:45:40: 12 0

25/05/2020 19:45:40: 12 0

25/05/2020 19:45:40: 12 0
25/05/2020 19:45:41: 

25/05/2020 19:45:41: 12 0

25/05/2020 19:45:41: 12 0

25/05/2020 19:45:41: 12 0

25/05/2020 19:45:41: 12 0

25/05/2020 19:45:42: 12 0

25/05/2020 19:45:42: 12 0
25/05/2020 19:45:42: 

25/05/2020 19:45:42: 12 0

25/05/2020 19:45:42: 12 0

25/05/2020 19:45:43: 12 0

25/05/2020 19:45:43: 12 0

25/05/2020 19:45:43: 12 0

25/05/2020 19:45:43: 12 0

25/05/2020 19:45:44: 12 0

25/05/2020 19:45:44: 12 0

25/05/2020 19:45:44: 1
25/05/2020 19:45:44: 2 0

25/05/2020 19:45:44: 12 0

25/05/2020 19:45:45: 12 0

25/05/2020 19:45:45: 12 0

25/05/2020 19:45:45: 12 0

25/05/2020 19:45:45: 12
25/05/2020 19:45:45:  0

25/05/2020 19:45:46: 12 0

25/05/2020 19:45:46: 12 0

25/05/2020 19:45:46: 12 0

25/05/2020 19:45:46: 12 0

25/05/2020 19:45:47: 12 0

25/05/2020 19:45:47: 12 0

25/05/2020 19:45:47: 12 0

25/05/2020 19:45:47: 12 0

25/05/2020 19:45:48: 12 0

25/05/2020 19:45:48: 12 0

25/05/2020 19:45:48: 12 0

25/05/2020 19:45:48: 12 0

25/05/2020 19:45:49: 12 0

25/05/2020 19:45:49: 12 0

25/05/2020 19:45:49: 12 0

25/05/2020 19:45:49: 1
25/05/2020 19:45:49: 2 0

25/05/2020 19:45:50: 12 0

25/05/2020 19:45:50: 12 0

25/05/2020 19:45:50: 12 0

25/05/2020 19:45:50: 12 0

25/05/2020 19:45:51: 12 0

25/05/2020 19:45:51: 12 0

25/05/2020 19:45:51: 12 0

25/05/2020 19:45:51: 12 0

25/05/2020 19:45:52: 12 0

25/05/2020 19:45:52: 12 0

25/05/2020 19:45:52: 12 0

25/05/2020 19:45:52: 12 0

25/05/2020 19:45:53: 12 0

25/05/2020 19:45:53: 12 0

25/05/2020 19:45:53: 12 0
25/05/2020 19:45:53: 

25/05/2020 19:45:53: 12 0

25/05/2020 19:45:53: 12 0

25/05/2020 19:45:54: 12 0

25/05/2020 19:45:54: 12 0

25/05/2020 19:45:54: 12 0

25/05/2020 19:45:54: 12 0

25/05/2020 19:45:55: 12 0

25/05/2020 19:45:55: 1
25/05/2020 19:45:55: 2 0

25/05/2020 19:45:55: 12 0

25/05/2020 19:45:55: 12 0

25/05/2020 19:45:56: 12 0
25/05/2020 19:45:56: 

25/05/2020 19:45:56: 12 0

25/05/2020 19:45:56: 12 0

25/05/2020 19:45:56: 12 0

25/05/2020 19:45:57: 12 0
25/05/2020 19:45:57: 

25/05/2020 19:45:57: 12 0

25/05/2020 19:46:45: 12 0

12 0
12 0
12 0
12 0
12 0

12 0
12 0
12 0
12 0
12 0
12 0
12 0
12 0
12 0
12 0
12 0
12 0
12 0
12 0
12 0
12 0
12 0
12 0
12 0
12 0
12 0
47 0

25/05/2020 19:46:45: 44 0

25/05/2020 19:46:46: 40 0

25/05/2020 19:46:46: 36 0

25/05/2020 19:46:46: 32 0

25/05/2020 19:46:46: 29 0

25/05/2020 19:46:46: 25 0

25/05/2020 19:46:46: 23 0

25/05/2020 19:46:46: 20 0

25/05/2020 19:46:46: 18 0

25/05/2020 19:46:47: 15 0

25/05/2020 19:46:47: 14 0
25/05/2020 19:46:47: 

25/05/2020 19:46:47: 13 0

25/05/2020 19:46:47: 13 0

25/05/2020 19:46:47: 12 0

25/05/2020 19:46:48: 12 0

25/05/2020 19:46:48: 12 0

25/05/2020 19:46:48: 12
25/05/2020 19:46:48:  0

25/05/2020 19:46:48: 12 0

25/05/2020 19:46:49: 12 0

25/05/2020 19:46:49: 12 0

25/05/2020 19:46:49: 12 0

25/05/2020 19:46:49: 12 0

25/05/2020 19:46:50: 12 0

25/05/2020 19:46:51: 12 55

25/05/2020 19:46:51: 21 55

25/05/2020 19:46:51: 28 55

25/05/2020 19:46:51: 33 55

25/05/2020 19:46:51: 36 55

25/05/2020 19:46:51: 39 55

25/05/2020 19:46:52: 40 55
43 55

25/05/2020 19:46:52: 43 55

25/05/2020 19:46:52: 45 55
45 55

25/05/2020 19:46:52: 47 55

25/05/2020 19:46:52: 46 55
48 55

25/05/2020 19:46:52: 47 55

25/05/2020 19:46:52: 49 55
48 55

25/05/2020 19:46:52: 49 55
48 55

25/05/2020 19:46:52: 50 55

25/05/2020 19:46:53: 49 55
50 55

25/05/2020 19:46:53: 49 55
50 55

25/05/2020 19:46:53: 49 55

25/05/2020 19:46:53: 50 55
49 55

25/05/2020 19:46:53: 50 55
50 55

25/05/2020 19:46:53: 50 55

25/05/2020 19:46:53: 50 55
50 55

25/05/2020 19:46:53: 50 55
51 55

25/05/2020 19:46:53: 50 55

25/05/2020 19:46:53: 51 55
50 55

25/05/2020 19:46:54: 51 55
50 55

25/05/2020 19:46:54: 51 55

25/05/2020 19:46:54: 50 55
51 55

25/05/2020 19:46:54: 50 55
51 55

25/05/2020 19:46:54: 50 55
51 55

25/05/2020 19:46:54: 50 55

25/05/2020 19:46:54: 51 55
50 55

25/05/2020 19:46:54: 51 55
50 55

25/05/2020 19:46:54: 51 55

25/05/2020 19:46:54: 50 55
51 55

25/05/2020 19:46:55: 50 55
51 55

25/05/2020 19:46:55: 50 55
51 55

25/05/2020 19:46:55: 50 55

25/05/2020 19:46:55: 51 55
50 55

25/05/2020 19:46:55: 51 55
50 55

25/05/2020 19:46:55: 51 55

25/05/2020 19:46:55: 50 55
51 55

25/05/2020 19:46:55: 50 55
51 55

25/05/2020 19:46:55: 50 55

25/05/2020 19:46:55: 51 55
50 55

25/05/2020 19:46:56: 51 55
50 55

25/05/2020 19:46:56: 51 55
50 55

25/05/2020 19:46:56: 51 55

25/05/2020 19:46:56: 50 55
51 55

25/05/2020 19:46:56: 50 55
51 55

25/05/2020 19:46:56: 50 55
51 55

25/05/2020 19:46:56: 50 55
51 55

25/05/2020 19:46:56: 50 55

25/05/2020 19:46:56: 51 55
50 55

25/05/2020 19:46:57: 51 55
50 55

25/05/2020 19:46:57: 51 55

25/05/2020 19:46:57: 50 55
51 55

25/05/2020 19:46:57: 50 55
51 55

25/05/2020 19:46:57: 50 55
51 55

25/05/2020 19:46:57: 50 55

25/05/2020 19:46:57: 51 55
50 55

25/05/2020 19:46:57: 51 55
50 55

25/05/2020 19:46:57: 51 55

25/05/2020 19:46:57: 50 55
51 55

25/05/2020 19:46:58: 50 55
51 55

25/05/2020 19:46:58: 50 55
51 55

25/05/2020 19:46:58: 50 55

25/05/2020 19:46:58: 51 55
50 55

25/05/2020 19:46:58: 51 55
50 55

25/05/2020 19:46:58: 51 55

25/05/2020 19:46:58: 50 55
51 55

25/05/2020 19:46:58: 50 55
51 55

25/05/2020 19:46:58: 50 55

25/05/2020 19:46:58: 51 55
50 55

25/05/2020 19:46:59: 51 55
50 55

25/05/2020 19:46:59: 51 55
50 55

25/05/2020 19:46:59: 51 55

25/05/2020 19:46:59: 50 55
51 55

25/05/2020 19:46:59: 50 55
51 55

25/05/2020 19:46:59: 50 55

25/05/2020 19:46:59: 51 55
50 55

25/05/2020 19:46:59: 51 55
50 55

25/05/2020 19:46:59: 51 55
50 55

25/05/2020 19:46:59: 51 55

25/05/2020 19:47:00: 50 55
51 55

25/05/2020 19:47:00: 50 55
51 55

25/05/2020 19:47:00: 50 55

25/05/2020 19:47:00: 51 55
50 55

25/05/2020 19:47:00: 51 55
50 55

25/05/2020 19:47:00: 51 55

25/05/2020 19:47:00: 50 55
51 55

25/05/2020 19:47:00: 50 55
51 55

25/05/2020 19:47:00: 50 55
51 55

25/05/2020 19:47:01: 50 55

25/05/2020 19:47:01: 51 55
50 55

25/05/2020 19:47:01: 51 55
50 55

25/05/2020 19:47:01: 51 55

25/05/2020 19:47:01: 50 55
51 55

25/05/2020 19:47:01: 50 55
51 55

25/05/2020 19:47:01: 50 55
51 55

25/05/2020 19:47:01: 50 55

25/05/2020 19:47:01: 51 55
50 55

25/05/2020 19:47:01: 51 55
50 55

25/05/2020 19:47:02: 51 55
50 55

25/05/2020 19:47:02: 51 55
50 55

25/05/2020 19:47:02: 51 55

25/05/2020 19:47:02: 50 55
51 55

25/05/2020 19:47:02: 50 55
51 55
50 55

25/05/2020 19:47:02: 51 55
50 55

25/05/2020 19:47:02: 51 55
50 55

25/05/2020 19:47:02: 51 55
50 55

25/05/2020 19:47:03: 51 55
50 55

25/05/2020 19:47:03: 51 55
50 55
51 55

25/05/2020 19:47:03: 50 55

25/05/2020 19:47:03: 51 55
50 55

25/05/2020 19:47:03: 51 55
50 55

25/05/2020 19:47:03: 51 55

25/05/2020 19:47:03: 50 55
51 55

25/05/2020 19:47:03: 50 55
51 55

25/05/2020 19:47:03: 50 55

25/05/2020 19:47:04: 51 55
50 55

25/05/2020 19:47:04: 51 55
50 55

25/05/2020 19:47:04: 51 55

25/05/2020 19:47:04: 50 55
51 55

25/05/2020 19:47:04: 50 55
51 55

25/05/2020 19:47:04: 50 55
51 55

25/05/2020 19:47:04: 50 55

25/05/2020 19:47:04: 51 55
50 55

25/05/2020 19:47:04: 51 55
50 55

25/05/2020 19:47:04: 51 55

25/05/2020 19:47:05: 50 55
51 55

25/05/2020 19:47:05: 50 55
51 55

25/05/2020 19:47:05: 50 55

25/05/2020 19:47:05: 51 55
50 55

25/05/2020 19:47:05: 51 55
50 55

25/05/2020 19:47:05: 51 55
50 55

25/05/2020 19:47:05: 51 55

25/05/2020 19:47:05: 50 55
51 55

25/05/2020 19:47:05: 50 55
51 55

25/05/2020 19:47:05: 50 55

25/05/2020 19:47:06: 51 55
50 55

25/05/2020 19:47:06: 51 55
50 55

25/05/2020 19:47:06: 51 55
50 55

25/05/2020 19:47:06: 51 55

25/05/2020 19:47:06: 50 55
51 55

25/05/2020 19:47:06: 50 55
51 55

25/05/2020 19:47:06: 50 55

25/05/2020 19:47:06: 51 55
50 55

25/05/2020 19:47:06: 51 55
50 55

25/05/2020 19:47:06: 51 55
50 55

25/05/2020 19:47:07: 51 55

25/05/2020 19:47:07: 50 55
51 55

25/05/2020 19:47:07: 50 55
51 55

25/05/2020 19:47:07: 50 55
51 55

25/05/2020 19:47:07: 50 55

25/05/2020 19:47:07: 51 55
50 55

25/05/2020 19:47:07: 51 55
50 55

25/05/2020 19:47:07: 51 55

25/05/2020 19:47:07: 50 55
51 55

25/05/2020 19:47:07: 50 55
51 55

25/05/2020 19:47:08: 50 55
51 55

25/05/2020 19:47:08: 50 55

25/05/2020 19:47:08: 51 55
50 55

25/05/2020 19:47:08: 51 55
50 55

25/05/2020 19:47:08: 51 55

25/05/2020 19:47:08: 50 55
51 55

25/05/2020 19:47:08: 50 55
51 55

25/05/2020 19:47:08: 50 55
51 55

25/05/2020 19:47:08: 50 55

25/05/2020 19:47:09: 51 55
50 55

25/05/2020 19:47:09: 51 55
50 55

25/05/2020 19:47:09: 51 55

25/05/2020 19:47:09: 50 55
51 55

25/05/2020 19:47:09: 50 55
51 55

25/05/2020 19:47:09: 50 55

25/05/2020 19:47:09: 51 55
50 55

25/05/2020 19:47:09: 51 55
50 55

25/05/2020 19:47:09: 51 55

25/05/2020 19:47:09: 50 55
51 55

25/05/2020 19:47:10: 50 55
51 55

25/05/2020 19:47:10: 50 55
51 55

25/05/2020 19:47:10: 50 55

25/05/2020 19:47:10: 51 55
50 55

25/05/2020 19:47:10: 51 55
50 55

25/05/2020 19:47:10: 51 55

25/05/2020 19:47:10: 50 55
51 55

25/05/2020 19:47:10: 50 55
51 55

25/05/2020 19:47:10: 50 55
51 55

25/05/2020 19:47:10: 50 55

25/05/2020 19:47:11: 51 55
50 55

25/05/2020 19:47:11: 51 55
50 55

25/05/2020 19:47:11: 51 55
50 55

25/05/2020 19:47:11: 51 55

25/05/2020 19:47:11: 50 55
51 55

25/05/2020 19:47:11: 50 55
51 55

25/05/2020 19:47:11: 50 55
51 55

25/05/2020 19:47:11: 50 55

25/05/2020 19:47:11: 51 55
50 55

25/05/2020 19:47:11: 51 55
50 55

25/05/2020 19:47:12: 51 55

25/05/2020 19:47:12: 50 55
51 55

25/05/2020 19:47:12: 50 55
51 55

25/05/2020 19:47:12: 50 55
51 55

25/05/2020 19:47:12: 50 55

25/05/2020 19:47:12: 51 55
50 55

25/05/2020 19:47:12: 51 55
50 55

25/05/2020 19:47:12: 51 55
50 55

25/05/2020 19:47:12: 51 55

25/05/2020 19:47:13: 50 55
51 55

25/05/2020 19:47:13: 50 55
51 55

25/05/2020 19:47:13: 50 55

25/05/2020 19:47:13: 51 55
50 55

25/05/2020 19:47:13: 51 55
50 55

25/05/2020 19:47:13: 51 55

25/05/2020 19:47:13: 50 55
51 55

25/05/2020 19:47:13: 50 55
51 55

25/05/2020 19:47:13: 50 55
51 55

25/05/2020 19:47:13: 50 55

25/05/2020 19:47:14: 51 55
50 55

25/05/2020 19:47:14: 51 55
50 55

25/05/2020 19:47:14: 51 55

25/05/2020 19:47:14: 50 55
51 55

25/05/2020 19:47:14: 50 55
51 55

25/05/2020 19:47:14: 50 55
51 55

25/05/2020 19:47:14: 50 55

25/05/2020 19:47:14: 51 55
50 55

25/05/2020 19:47:14: 51 55
50 55

25/05/2020 19:47:14: 51 55

25/05/2020 19:47:15: 50 55
51 55

25/05/2020 19:47:15: 50 55
51 55

25/05/2020 19:47:15: 50 55
51 55

25/05/2020 19:47:15: 50 55

25/05/2020 19:47:15: 51 55
50 55

25/05/2020 19:47:15: 51 55
50 55

25/05/2020 19:47:15: 51 55

25/05/2020 19:47:15: 50 55
51 55

25/05/2020 19:47:15: 50 55
51 55

25/05/2020 19:47:15: 50 55

25/05/2020 19:47:16: 51 55
50 55

25/05/2020 19:47:16: 51 55
50 55

25/05/2020 19:47:16: 51 55

25/05/2020 19:47:16: 50 55
51 55

25/05/2020 19:47:16: 50 55
51 55

25/05/2020 19:47:16: 50 55
51 55

25/05/2020 19:47:16: 50 55

25/05/2020 19:47:16: 51 55
50 55

25/05/2020 19:47:16: 51 55
50 55

25/05/2020 19:47:16: 51 55
50 55

25/05/2020 19:47:17: 51 55

25/05/2020 19:47:17: 50 55
51 55

25/05/2020 19:47:17: 50 55
51 55

25/05/2020 19:47:17: 50 55

25/05/2020 19:47:17: 51 55
50 55

25/05/2020 19:47:17: 51 55
50 55

25/05/2020 19:47:17: 51 55

25/05/2020 19:47:17: 50 55
51 55

25/05/2020 19:47:17: 50 55
51 55

25/05/2020 19:47:18: 50 55
51 55

25/05/2020 19:47:18: 50 55

25/05/2020 19:47:18: 51 55
50 55

25/05/2020 19:47:18: 51 55
50 55

25/05/2020 19:47:18: 51 55

25/05/2020 19:47:18: 50 55
51 55

25/05/2020 19:47:18: 50 55
51 55

25/05/2020 19:47:18: 50 55

25/05/2020 19:47:18: 51 55
50 55

25/05/2020 19:47:18: 51 55
50 55

25/05/2020 19:47:19: 51 55
50 55

25/05/2020 19:47:19: 51 55

25/05/2020 19:47:19: 50 55
51 55

25/05/2020 19:47:19: 50 55
51 55

25/05/2020 19:47:19: 50 55
51 55

25/05/2020 19:47:19: 50 55

25/05/2020 19:47:19: 51 55
50 55

25/05/2020 19:47:19: 51 55
50 55

25/05/2020 19:47:19: 51 55

25/05/2020 19:47:19: 50 55
51 55

25/05/2020 19:47:20: 50 55
51 55

25/05/2020 19:47:20: 50 55

25/05/2020 19:47:20: 51 55
50 55

25/05/2020 19:47:20: 51 55
50 55

25/05/2020 19:47:20: 51 55

25/05/2020 19:47:20: 50 55
51 55

25/05/2020 19:47:20: 50 55
51 55

25/05/2020 19:47:20: 50 55

25/05/2020 19:47:20: 51 55
50 55

25/05/2020 19:47:20: 51 55
50 55

25/05/2020 19:47:21: 51 55
50 55

25/05/2020 19:47:21: 51 55

25/05/2020 19:47:21: 50 55
51 55

25/05/2020 19:47:21: 50 55
51 55

25/05/2020 19:47:21: 50 55

25/05/2020 19:47:21: 51 55
50 55

25/05/2020 19:47:21: 51 55
50 55

25/05/2020 19:47:21: 51 55
50 55

25/05/2020 19:47:21: 51 55

25/05/2020 19:47:21: 50 55
51 55

25/05/2020 19:47:22: 50 55
51 55

25/05/2020 19:47:22: 50 55

25/05/2020 19:48:25: 51 55
 55
50 55
51 55
50 55
51 55
50 55
51 55
50 55
51 55
50 55
51 55
50 55
51 55
50 55
51 55
50 55

51 55
50 55
51 55
50 55
51 55
50 55
51 55
50 55
51 55
50 55
51 55
50 55
51 55
50 55
51 55
50 55
51 55
50 55
49 0

25/05/2020 19:48:25: 45 0

25/05/2020 19:48:26: 42 0

25/05/2020 19:48:26: 37 0
34 0

25/05/2020 19:48:26: 30 0

25/05/2020 19:48:26: 27 0

25/05/2020 19:48:26: 24 0

25/05/2020 19:48:26: 22 0
25/05/2020 19:48:26: 

25/05/2020 19:48:26: 19 0

25/05/2020 19:48:26: 17 0

25/05/2020 19:48:27: 15 0

25/05/2020 19:48:27: 14 0

25/05/2020 19:48:27: 13 0

25/05/2020 19:48:27: 13 0

25/05/2020 19:48:28: 12 0

25/05/2020 19:48:28: 12 0

25/05/2020 19:48:28: 12 0

25/05/2020 19:48:28: 12 0

25/05/2020 19:48:29: 12 0

25/05/2020 19:48:29: 12 0

25/05/2020 19:48:29: 12 0

25/05/2020 19:48:29: 12 0

25/05/2020 19:48:30: 12 0

25/05/2020 19:48:30: 12 0

25/05/2020 19:48:30: 12 0

25/05/2020 19:48:30: 12 0

25/05/2020 19:48:31: 12 0

25/05/2020 19:48:31: 12 0

25/05/2020 19:48:31: 12 0

25/05/2020 19:48:31: 12 0

25/05/2020 19:48:32: 12 0

25/05/2020 19:48:32: 12 0

25/05/2020 19:48:32: 12 0

25/05/2020 19:48:32: 12 0

25/05/2020 19:48:33: 12 0

25/05/2020 19:48:33: 12 0

25/05/2020 19:48:33: 12 0

25/05/2020 19:48:33: 12 0

25/05/2020 19:48:34: 12 0

25/05/2020 19:48:34: 12 0

25/05/2020 19:48:34: 12 0

25/05/2020 19:48:34: 12 0

25/05/2020 19:48:35: 12 0

25/05/2020 19:48:35: 12 0
25/05/2020 19:48:35: 

25/05/2020 19:48:35: 12 0

25/05/2020 19:48:35: 12 0

25/05/2020 19:48:35: 12 0

25/05/2020 19:48:36: 12 
25/05/2020 19:48:36: 0

25/05/2020 19:48:36: 12 0

25/05/2020 19:48:36: 12 0

25/05/2020 19:48:36: 12 0

25/05/2020 19:48:37: 12 0
25/05/2020 19:48:37: 

25/05/2020 19:48:37: 12 0

25/05/2020 19:48:37: 12 0

25/05/2020 19:48:37: 12 0

25/05/2020 19:48:38: 12 0
25/05/2020 19:48:38: 

25/05/2020 19:48:38: 12 0

25/05/2020 19:48:38: 12 0

25/05/2020 19:48:38: 12 0

25/05/2020 19:48:39: 12 0

25/05/2020 19:48:39: 12 0

25/05/2020 19:48:39: 12 0

25/05/2020 19:48:39: 12 0
25/05/2020 19:48:40: 

25/05/2020 19:48:40: 12 0

25/05/2020 19:48:40: 12 0

25/05/2020 19:48:40: 12 0

25/05/2020 19:48:40: 12 0

25/05/2020 19:48:41: 12 0

25/05/2020 21:49:00: 6.00

25/05/2020 21:49:04: 9.00

25/05/2020 21:49:08: 0.00

25/05/2020 21:53:34: 8.00

25/05/2020 21:53:40: 9.00

25/05/2020 21:53:47: 8.00

25/05/2020 21:56:29: 6.00

25/05/2020 23:48:14: 78
25/05/2020 23:48:14: .00

25/05/2020 23:48:20: 9.00

25/05/2020 23:48:24: 89.00

25/05/2020 23:48:44: 1.00

25/05/2020 23:48:46: 2.00

25/05/2020 23:48:48: 3.00

